<?xml version="1.0" encoding="UTF-8"?>
<testng-results ignored="0" total="1" passed="1" failed="0" skipped="0">
  <reporter-output>
  </reporter-output>
  <suite started-at="2025-01-09T15:48:47 IST" name="Default suite" finished-at="2025-01-09T15:50:38 IST" duration-ms="111063">
    <groups>
    </groups>
    <test started-at="2025-01-09T15:48:47 IST" name="Default test" finished-at="2025-01-09T15:50:38 IST" duration-ms="111063">
      <class name="com.test.BusinessInformation_Modules.Business_Document_Upload_AllScenarios">
        <test-method is-config="true" signature="reference()[pri:0, instance:com.test.BusinessInformation_Modules.Business_Document_Upload_AllScenarios@8c3b9d]" started-at="2025-01-09T15:48:47 IST" name="reference" finished-at="2025-01-09T15:48:47 IST" duration-ms="366" status="PASS">
          <reporter-output>
          </reporter-output>
        </test-method> <!-- reference -->
        <test-method signature="RUNALL(java.util.Map,org.testng.ITestContext)[pri:0, instance:com.test.BusinessInformation_Modules.Business_Document_Upload_AllScenarios@8c3b9d]" started-at="2025-01-09T15:48:48 IST" name="RUNALL" data-provider="TestData4" finished-at="2025-01-09T15:50:38 IST" duration-ms="110517" status="PASS">
          <params>
            <param index="0">
              <value>
                <![CDATA[{Run=Yes, TestScenario=Entity_Document_Upload_Module}]]>
              </value>
            </param>
            <param index="1">
              <value>
                <![CDATA[org.testng.TestRunner@31fc71ab]]>
              </value>
            </param>
          </params>
          <reporter-output>
          </reporter-output>
        </test-method> <!-- RUNALL -->
      </class> <!-- com.test.BusinessInformation_Modules.Business_Document_Upload_AllScenarios -->
    </test> <!-- Default test -->
  </suite> <!-- Default suite -->
</testng-results>
