<?xml version="1.0" encoding="UTF-8"?>
<!-- Generated by org.testng.reporters.JUnitReportReporter -->
<testsuite hostname="TCCOKLAP-5162" failures="0" tests="1" name="com.test.BusinessInformation_Modules.Submit_Application_AllScenarios" time="95.041" errors="0" timestamp="2025-04-01T12:27:03 IST" skipped="0">
  <testcase classname="com.test.BusinessInformation_Modules.Submit_Application_AllScenarios" name="RUNALL" time="95.041"/>
  <system-out/>
</testsuite> <!-- com.test.BusinessInformation_Modules.Submit_Application_AllScenarios -->
