<?xml version="1.0" encoding="UTF-8"?>
<!-- Generated by org.testng.reporters.JUnitReportReporter -->
<testsuite hostname="TCCOKLAP-5162" failures="0" tests="1" name="com.test.BusinessInformation_Modules.MeansOfFinance_AllScenarios" time="96.577" errors="0" timestamp="2025-04-24T12:54:31 IST" skipped="0">
  <testcase classname="com.test.BusinessInformation_Modules.MeansOfFinance_AllScenarios" name="RUNALL" time="96.577"/>
  <system-out/>
</testsuite> <!-- com.test.BusinessInformation_Modules.MeansOfFinance_AllScenarios -->
