<?xml version="1.0" encoding="UTF-8"?>
<!-- Generated by org.testng.reporters.JUnitReportReporter -->
<testsuite hostname="TCCOKLAP-5162" failures="0" tests="1" name="com.test.BusinessInformation_Modules.Submit_Application_AllScenarios" time="193.220" errors="0" timestamp="2025-04-08T13:04:55 IST" skipped="0">
  <testcase classname="com.test.BusinessInformation_Modules.Submit_Application_AllScenarios" name="RUNALL" time="193.220"/>
  <system-out/>
</testsuite> <!-- com.test.BusinessInformation_Modules.Submit_Application_AllScenarios -->
