<?xml version="1.0" encoding="UTF-8"?>
<!-- Generated by org.testng.reporters.JUnitReportReporter -->
<testsuite hostname="TCCOKLAP-5162" failures="0" tests="1" name="com.test.BusinessInformation_Modules.Bank_Profile_AllScenarios" time="107.565" errors="0" timestamp="2025-03-26T11:00:04 IST" skipped="0">
  <testcase classname="com.test.BusinessInformation_Modules.Bank_Profile_AllScenarios" name="RUNALL" time="107.565"/>
  <system-out/>
</testsuite> <!-- com.test.BusinessInformation_Modules.Bank_Profile_AllScenarios -->
