<?xml version="1.0" encoding="UTF-8"?>
<!-- Generated by org.testng.reporters.JUnitReportReporter -->
<testsuite hostname="TCCOKLAP-5162" failures="0" tests="1" name="com.test.BusinessInformation_Modules.Security_Vehicle_AllScenarios" time="161968.141" errors="0" timestamp="2025-05-02T09:47:40 IST" skipped="0">
  <testcase classname="com.test.BusinessInformation_Modules.Security_Vehicle_AllScenarios" name="RUNALL" time="161968.141"/>
  <system-out/>
</testsuite> <!-- com.test.BusinessInformation_Modules.Security_Vehicle_AllScenarios -->
